<?xml version="1.0" encoding="UTF-8"?>
<testng-results skipped="0" failed="1" ignored="0" total="1" passed="0">
  <reporter-output>
    <line>
      <![CDATA[your page is displayed]]>
    </line>
    <line>
      <![CDATA[UN and PWD exist]]>
    </line>
    <line>
      <![CDATA[OrangeHRM page displayed]]>
    </line>
    <line>
      <![CDATA[Welcome qaplanet1qaplanet1displayed]]>
    </line>
    <line>
      <![CDATA[addemployee]]>
    </line>
    <line>
      <![CDATA[logout successfully and homepage displayed]]>
    </line>
  </reporter-output>
  <suite name="Parallel test suite" duration-ms="33951" started-at="2018-05-03T05:49:25Z" finished-at="2018-05-03T05:49:59Z">
    <groups>
    </groups>
    <test name="PIM" duration-ms="33951" started-at="2018-05-03T05:49:25Z" finished-at="2018-05-03T05:49:59Z">
      <class name="TestScripts.TC2">
        <test-method status="FAIL" signature="Addemployee()[pri:0, instance:TestScripts.TC2@11f39f9]" name="Addemployee" duration-ms="33870" started-at="2018-05-03T05:49:25Z" finished-at="2018-05-03T05:49:59Z">
          <exception class="org.openqa.selenium.SessionNotCreatedException">
            <message>
              <![CDATA[Tried to run command without establishing a connection
Build info: version: '3.11.0', revision: 'e59cfb3', time: '2018-03-11T20:33:15.31Z'
System info: host: 'QAP32-PC', ip: '192.168.0.172', os.name: 'Windows 7', os.arch: 'x86', os.version: '6.1', java.version: '1.8.0_112'
Driver info: org.openqa.selenium.firefox.FirefoxDriver
Capabilities {acceptInsecureCerts: true, browserName: firefox, browserVersion: 59.0.2, javascriptEnabled: true, moz:accessibilityChecks: false, moz:headless: false, moz:processID: 3692, moz:profile: C:\Users\QAP32\AppData\Loca..., moz:useNonSpecCompliantPointerOrigin: false, moz:webdriverClick: true, pageLoadStrategy: normal, platform: XP, platformName: XP, platformVersion: 6.1, rotatable: false, timeouts: {implicit: 0, pageLoad: 300000, script: 30000}}
Session ID: 91ce49ac-848c-428e-b019-e1e0a49dec37]]>
            </message>
            <full-stacktrace>
              <![CDATA[org.openqa.selenium.SessionNotCreatedException: Tried to run command without establishing a connection
Build info: version: '3.11.0', revision: 'e59cfb3', time: '2018-03-11T20:33:15.31Z'
System info: host: 'QAP32-PC', ip: '192.168.0.172', os.name: 'Windows 7', os.arch: 'x86', os.version: '6.1', java.version: '1.8.0_112'
Driver info: org.openqa.selenium.firefox.FirefoxDriver
Capabilities {acceptInsecureCerts: true, browserName: firefox, browserVersion: 59.0.2, javascriptEnabled: true, moz:accessibilityChecks: false, moz:headless: false, moz:processID: 3692, moz:profile: C:\Users\QAP32\AppData\Loca..., moz:useNonSpecCompliantPointerOrigin: false, moz:webdriverClick: true, pageLoadStrategy: normal, platform: XP, platformName: XP, platformVersion: 6.1, rotatable: false, timeouts: {implicit: 0, pageLoad: 300000, script: 30000}}
Session ID: 91ce49ac-848c-428e-b019-e1e0a49dec37
at sun.reflect.NativeConstructorAccessorImpl.newInstance0(Native Method)
at sun.reflect.NativeConstructorAccessorImpl.newInstance(Unknown Source)
at sun.reflect.DelegatingConstructorAccessorImpl.newInstance(Unknown Source)
at java.lang.reflect.Constructor.newInstance(Unknown Source)
at org.openqa.selenium.remote.http.W3CHttpResponseCodec.createException(W3CHttpResponseCodec.java:187)
at org.openqa.selenium.remote.http.W3CHttpResponseCodec.decode(W3CHttpResponseCodec.java:122)
at org.openqa.selenium.remote.http.W3CHttpResponseCodec.decode(W3CHttpResponseCodec.java:49)
at org.openqa.selenium.remote.HttpCommandExecutor.execute(HttpCommandExecutor.java:158)
at org.openqa.selenium.remote.service.DriverCommandExecutor.execute(DriverCommandExecutor.java:83)
at org.openqa.selenium.remote.RemoteWebDriver.execute(RemoteWebDriver.java:545)
at org.openqa.selenium.remote.RemoteWebDriver.execute(RemoteWebDriver.java:602)
at org.openqa.selenium.remote.RemoteWebDriver.quit(RemoteWebDriver.java:445)
at LIB.BusinessFunctions.QuitObject(BusinessFunctions.java:55)
at TestScripts.TC2.Addemployee(TC2.java:18)
at sun.reflect.NativeMethodAccessorImpl.invoke0(Native Method)
at sun.reflect.NativeMethodAccessorImpl.invoke(Unknown Source)
at sun.reflect.DelegatingMethodAccessorImpl.invoke(Unknown Source)
at java.lang.reflect.Method.invoke(Unknown Source)
at org.testng.internal.MethodInvocationHelper.invokeMethod(MethodInvocationHelper.java:124)
at org.testng.internal.Invoker.invokeMethod(Invoker.java:580)
at org.testng.internal.Invoker.invokeTestMethod(Invoker.java:716)
at org.testng.internal.Invoker.invokeTestMethods(Invoker.java:988)
at org.testng.internal.TestMethodWorker.invokeTestMethods(TestMethodWorker.java:125)
at org.testng.internal.TestMethodWorker.run(TestMethodWorker.java:109)
at java.util.concurrent.ThreadPoolExecutor.runWorker(Unknown Source)
at java.util.concurrent.ThreadPoolExecutor$Worker.run(Unknown Source)
at java.lang.Thread.run(Unknown Source)
]]>
            </full-stacktrace>
          </exception> <!-- org.openqa.selenium.SessionNotCreatedException -->
          <reporter-output>
            <line>
              <![CDATA[your page is displayed]]>
            </line>
            <line>
              <![CDATA[UN and PWD exist]]>
            </line>
            <line>
              <![CDATA[OrangeHRM page displayed]]>
            </line>
            <line>
              <![CDATA[Welcome qaplanet1qaplanet1displayed]]>
            </line>
            <line>
              <![CDATA[addemployee]]>
            </line>
            <line>
              <![CDATA[logout successfully and homepage displayed]]>
            </line>
          </reporter-output>
        </test-method> <!-- Addemployee -->
      </class> <!-- TestScripts.TC2 -->
    </test> <!-- PIM -->
  </suite> <!-- Parallel test suite -->
</testng-results>
